<!DOCTYPE html PUBLIC "-//W3C//DTD XHTML 1.1//EN" "http://www.w3.org/TR/xhtml11/DTD/xhtml11.dtd">
<html xmlns="http://www.w3.org/1999/xhtml">
<head>
<meta http-equiv="content-type" content="text/html; charset=UTF-8"/>
<title>TestNG Report</title>
<style type="text/css">table {margin-bottom:10px;border-collapse:collapse;empty-cells:show}th,td {border:1px solid #009;padding:.25em .5em}th {vertical-align:bottom}td {vertical-align:top}table a {font-weight:bold}.stripe td {background-color: #E6EBF9}.num {text-align:right}.passedodd td {background-color: #3F3}.passedeven td {background-color: #0A0}.skippedodd td {background-color: #DDD}.skippedeven td {background-color: #CCC}.failedodd td,.attn {background-color: #F33}.failedeven td,.stripe .attn {background-color: #D00}.stacktrace {white-space:pre;font-family:monospace}.totop {font-size:85%;text-align:center;border-bottom:2px solid #000}.invisible {display:none}</style>
</head>
<body>
<table>
<tr><th>Test</th><th># Passed</th><th># Skipped</th><th># Failed</th><th>Time (ms)</th><th>Included Groups</th><th>Excluded Groups</th></tr>
<tr><th colspan="7">Signup</th></tr>
<tr><td><a href="#t0">LoginTest</a></td><td class="num">0</td><td class="num">0</td><td class="num attn">1</td><td class="num">22,125</td><td></td><td></td></tr>
<tr class="stripe"><td><a href="#t1">NameTest</a></td><td class="num">1</td><td class="num">0</td><td class="num">0</td><td class="num">7,485</td><td></td><td></td></tr>
<tr><td><a href="#t2">Mobile Number Test</a></td><td class="num">1</td><td class="num">0</td><td class="num">0</td><td class="num">8,064</td><td></td><td></td></tr>
<tr class="stripe"><td><a href="#t3">Password Test</a></td><td class="num">1</td><td class="num">0</td><td class="num">0</td><td class="num">7,128</td><td></td><td></td></tr>
<tr><td><a href="#t4">BirthdayTest</a></td><td class="num">0</td><td class="num">0</td><td class="num attn">1</td><td class="num">21,101</td><td></td><td></td></tr>
<tr class="stripe"><td><a href="#t5">Male and Female Test</a></td><td class="num">1</td><td class="num">0</td><td class="num">0</td><td class="num">13,163</td><td></td><td></td></tr>
<tr><td><a href="#t6">Submit Test</a></td><td class="num">1</td><td class="num">0</td><td class="num">0</td><td class="num">8,728</td><td></td><td></td></tr>
<tr><th>Total</th><th class="num">5</th><th class="num">0</th><th class="num attn">2</th><th class="num">87,794</th><th colspan="2"></th></tr>
</table>
<table id='summary'><thead><tr><th>Class</th><th>Method</th><th>Start</th><th>Time (ms)</th></tr></thead><tbody><tr><th colspan="4">Signup</th></tr></tbody><tbody id="t0"><tr><th colspan="4">LoginTest &#8212; failed</th></tr><tr class="failedeven"><td rowspan="1">com.interview.com.facebook.LoginTest</td><td><a href="#m0">loginTest</a></td><td rowspan="1">1558643426825</td><td rowspan="1">12964</td></tr></tbody>
<tbody id="t1"><tr><th colspan="4">NameTest &#8212; passed</th></tr><tr class="passedeven"><td rowspan="1">registrationTest.FirstAndLastNameTest</td><td><a href="#m1">FirstNameTest</a></td><td rowspan="1">1558643447638</td><td rowspan="1">358</td></tr></tbody>
<tbody id="t2"><tr><th colspan="4">Mobile Number Test &#8212; passed</th></tr><tr class="passedeven"><td rowspan="1">registrationTest.MobileNumberTest</td><td><a href="#m2">mobilenumberTest</a></td><td rowspan="1">1558643455337</td><td rowspan="1">794</td></tr></tbody>
<tbody id="t3"><tr><th colspan="4">Password Test &#8212; passed</th></tr><tr class="passedeven"><td rowspan="1">registrationTest.PasswordTest</td><td><a href="#m3">passwordTest</a></td><td rowspan="1">1558643463204</td><td rowspan="1">178</td></tr></tbody>
<tbody id="t4"><tr><th colspan="4">BirthdayTest &#8212; failed</th></tr><tr class="failedeven"><td rowspan="1">registrationTest.BirthdayTest</td><td><a href="#m4">birthdayTest</a></td><td rowspan="1">1558643472578</td><td rowspan="1">11643</td></tr></tbody>
<tbody id="t5"><tr><th colspan="4">Male and Female Test &#8212; passed</th></tr><tr class="passedeven"><td rowspan="1">registrationTest.MaleOrFemale</td><td><a href="#m5">birthdayTest</a></td><td rowspan="1">1558643498916</td><td rowspan="1">260</td></tr></tbody>
<tbody id="t6"><tr><th colspan="4">Submit Test &#8212; passed</th></tr><tr class="passedeven"><td rowspan="1">registrationTest.SubmitTest</td><td><a href="#m6">submitTest</a></td><td rowspan="1">1558643507094</td><td rowspan="1">889</td></tr></tbody>
</table>
<h2>LoginTest</h2><h3 id="m0">com.interview.com.facebook.LoginTest#loginTest</h3><table class="result"><tr><th>Exception</th></tr><tr><td><div class="stacktrace">org.openqa.selenium.NoSuchElementException: no such element: Unable to locate element: {&quot;method&quot;:&quot;xpath&quot;,&quot;selector&quot;:&quot;//*[text()=&apos;Create a Page&apos;]&quot;}
  (Session info: chrome=74.0.3729.169)
  (Driver info: chromedriver=2.40.565498 (ea082db3280dd6843ebfb08a625e3eb905c4f5ab),platform=Windows NT 10.0.17763 x86_64) (WARNING: The server did not provide any stacktrace information)
Command duration or timeout: 0 milliseconds
For documentation on this error, please visit: http://seleniumhq.org/exceptions/no_such_element.html
Build info: version: &apos;3.8.0&apos;, revision: &apos;924c4067df&apos;, time: &apos;2017-11-30T11:20:39.408Z&apos;
System info: host: &apos;DESKTOP-INQUNRP&apos;, ip: &apos;10.8.0.22&apos;, os.name: &apos;Windows 10&apos;, os.arch: &apos;amd64&apos;, os.version: &apos;10.0&apos;, java.version: &apos;1.8.0_171&apos;
Driver info: org.openqa.selenium.chrome.ChromeDriver
Capabilities {acceptInsecureCerts: false, acceptSslCerts: false, applicationCacheEnabled: false, browserConnectionEnabled: false, browserName: chrome, chrome: {chromedriverVersion: 2.40.565498 (ea082db3280dd6..., userDataDir: C:\Users\Faruq\AppData\Loca...}, cssSelectorsEnabled: true, databaseEnabled: false, handlesAlerts: true, hasTouchScreen: false, javascriptEnabled: true, locationContextEnabled: true, mobileEmulationEnabled: false, nativeEvents: true, networkConnectionEnabled: false, pageLoadStrategy: normal, platform: XP, platformName: XP, rotatable: false, setWindowRect: true, takesHeapSnapshot: true, takesScreenshot: true, unexpectedAlertBehaviour: , unhandledPromptBehavior: , version: 74.0.3729.169, webStorageEnabled: true}
Session ID: 33b74c3cb43086665d4f7509b1963573
*** Element info: {Using=xpath, value=//*[text()=&apos;Create a Page&apos;]}
	at org.openqa.selenium.remote.ErrorHandler.createThrowable(ErrorHandler.java:214)
	at org.openqa.selenium.remote.ErrorHandler.throwIfResponseFailed(ErrorHandler.java:166)
	at org.openqa.selenium.remote.http.JsonHttpResponseCodec.reconstructValue(JsonHttpResponseCodec.java:40)
	at org.openqa.selenium.remote.http.AbstractHttpResponseCodec.decode(AbstractHttpResponseCodec.java:80)
	at org.openqa.selenium.remote.http.AbstractHttpResponseCodec.decode(AbstractHttpResponseCodec.java:44)
	at org.openqa.selenium.remote.HttpCommandExecutor.execute(HttpCommandExecutor.java:164)
	at org.openqa.selenium.remote.service.DriverCommandExecutor.execute(DriverCommandExecutor.java:83)
	at org.openqa.selenium.remote.RemoteWebDriver.execute(RemoteWebDriver.java:601)
	at org.openqa.selenium.remote.RemoteWebDriver.findElement(RemoteWebDriver.java:371)
	at org.openqa.selenium.remote.RemoteWebDriver.findElementByXPath(RemoteWebDriver.java:473)
	at org.openqa.selenium.By$ByXPath.findElement(By.java:361)
	at org.openqa.selenium.remote.RemoteWebDriver.findElement(RemoteWebDriver.java:363)
	at com.interview.com.facebook.LoginPage.createApage(LoginPage.java:68)
	at com.interview.com.facebook.LoginTest.loginTest(LoginTest.java:33)
... Removed 33 stack frames</div></td></tr></table><p class="totop"><a href="#summary">back to summary</a></p>
<h2>NameTest</h2><h3 id="m1">registrationTest.FirstAndLastNameTest#FirstNameTest</h3><table class="result"><tr><th class="invisible"/></tr></table><p class="totop"><a href="#summary">back to summary</a></p>
<h2>Mobile Number Test</h2><h3 id="m2">registrationTest.MobileNumberTest#mobilenumberTest</h3><table class="result"><tr><th class="invisible"/></tr></table><p class="totop"><a href="#summary">back to summary</a></p>
<h2>Password Test</h2><h3 id="m3">registrationTest.PasswordTest#passwordTest</h3><table class="result"><tr><th class="invisible"/></tr></table><p class="totop"><a href="#summary">back to summary</a></p>
<h2>BirthdayTest</h2><h3 id="m4">registrationTest.BirthdayTest#birthdayTest</h3><table class="result"><tr><th>Exception</th></tr><tr><td><div class="stacktrace">org.openqa.selenium.NoSuchElementException: Cannot locate option with value: asdf
For documentation on this error, please visit: http://seleniumhq.org/exceptions/no_such_element.html
Build info: version: &apos;3.8.0&apos;, revision: &apos;924c4067df&apos;, time: &apos;2017-11-30T11:20:39.408Z&apos;
System info: host: &apos;DESKTOP-INQUNRP&apos;, ip: &apos;10.8.0.22&apos;, os.name: &apos;Windows 10&apos;, os.arch: &apos;amd64&apos;, os.version: &apos;10.0&apos;, java.version: &apos;1.8.0_171&apos;
Driver info: driver.version: unknown
	at org.openqa.selenium.support.ui.Select.selectByValue(Select.java:209)
	at regestration.SignUp.birthyear(SignUp.java:56)
	at registrationTest.BirthdayTest.birthdayTest(BirthdayTest.java:25)
... Removed 29 stack frames</div></td></tr></table><p class="totop"><a href="#summary">back to summary</a></p>
<h2>Male and Female Test</h2><h3 id="m5">registrationTest.MaleOrFemale#birthdayTest</h3><table class="result"><tr><th class="invisible"/></tr></table><p class="totop"><a href="#summary">back to summary</a></p>
<h2>Submit Test</h2><h3 id="m6">registrationTest.SubmitTest#submitTest</h3><table class="result"><tr><th class="invisible"/></tr></table><p class="totop"><a href="#summary">back to summary</a></p>
</body>
</html>
