<?xml version="1.0" encoding="UTF-8"?>
<testng-results skipped="0" failed="2" ignored="0" total="7" passed="5">
  <reporter-output>
  </reporter-output>
  <suite name="Signup" duration-ms="89863" started-at="2019-05-23T20:30:18Z" finished-at="2019-05-23T20:31:48Z">
    <groups>
    </groups>
    <test name="LoginTest" duration-ms="22125" started-at="2019-05-23T20:30:18Z" finished-at="2019-05-23T20:30:41Z">
      <class name="com.interview.com.facebook.LoginTest">
        <test-method status="PASS" signature="openBrowser()[pri:0, instance:com.interview.com.facebook.LoginTest@327514f]" name="openBrowser" is-config="true" duration-ms="7900" started-at="2019-05-23T20:30:18Z" finished-at="2019-05-23T20:30:26Z">
          <reporter-output>
          </reporter-output>
        </test-method> <!-- openBrowser -->
        <test-method status="FAIL" signature="loginTest()[pri:0, instance:com.interview.com.facebook.LoginTest@327514f]" name="loginTest" duration-ms="12964" started-at="2019-05-23T20:30:26Z" finished-at="2019-05-23T20:30:39Z">
          <exception class="org.openqa.selenium.NoSuchElementException">
            <message>
              <![CDATA[no such element: Unable to locate element: {"method":"xpath","selector":"//*[text()='Create a Page']"}
  (Session info: chrome=74.0.3729.169)
  (Driver info: chromedriver=2.40.565498 (ea082db3280dd6843ebfb08a625e3eb905c4f5ab),platform=Windows NT 10.0.17763 x86_64) (WARNING: The server did not provide any stacktrace information)
Command duration or timeout: 0 milliseconds
For documentation on this error, please visit: http://seleniumhq.org/exceptions/no_such_element.html
Build info: version: '3.8.0', revision: '924c4067df', time: '2017-11-30T11:20:39.408Z'
System info: host: 'DESKTOP-INQUNRP', ip: '10.8.0.22', os.name: 'Windows 10', os.arch: 'amd64', os.version: '10.0', java.version: '1.8.0_171'
Driver info: org.openqa.selenium.chrome.ChromeDriver
Capabilities {acceptInsecureCerts: false, acceptSslCerts: false, applicationCacheEnabled: false, browserConnectionEnabled: false, browserName: chrome, chrome: {chromedriverVersion: 2.40.565498 (ea082db3280dd6..., userDataDir: C:\Users\Faruq\AppData\Loca...}, cssSelectorsEnabled: true, databaseEnabled: false, handlesAlerts: true, hasTouchScreen: false, javascriptEnabled: true, locationContextEnabled: true, mobileEmulationEnabled: false, nativeEvents: true, networkConnectionEnabled: false, pageLoadStrategy: normal, platform: XP, platformName: XP, rotatable: false, setWindowRect: true, takesHeapSnapshot: true, takesScreenshot: true, unexpectedAlertBehaviour: , unhandledPromptBehavior: , version: 74.0.3729.169, webStorageEnabled: true}
Session ID: 33b74c3cb43086665d4f7509b1963573
*** Element info: {Using=xpath, value=//*[text()='Create a Page']}]]>
            </message>
            <full-stacktrace>
              <![CDATA[org.openqa.selenium.NoSuchElementException: no such element: Unable to locate element: {"method":"xpath","selector":"//*[text()='Create a Page']"}
  (Session info: chrome=74.0.3729.169)
  (Driver info: chromedriver=2.40.565498 (ea082db3280dd6843ebfb08a625e3eb905c4f5ab),platform=Windows NT 10.0.17763 x86_64) (WARNING: The server did not provide any stacktrace information)
Command duration or timeout: 0 milliseconds
For documentation on this error, please visit: http://seleniumhq.org/exceptions/no_such_element.html
Build info: version: '3.8.0', revision: '924c4067df', time: '2017-11-30T11:20:39.408Z'
System info: host: 'DESKTOP-INQUNRP', ip: '10.8.0.22', os.name: 'Windows 10', os.arch: 'amd64', os.version: '10.0', java.version: '1.8.0_171'
Driver info: org.openqa.selenium.chrome.ChromeDriver
Capabilities {acceptInsecureCerts: false, acceptSslCerts: false, applicationCacheEnabled: false, browserConnectionEnabled: false, browserName: chrome, chrome: {chromedriverVersion: 2.40.565498 (ea082db3280dd6..., userDataDir: C:\Users\Faruq\AppData\Loca...}, cssSelectorsEnabled: true, databaseEnabled: false, handlesAlerts: true, hasTouchScreen: false, javascriptEnabled: true, locationContextEnabled: true, mobileEmulationEnabled: false, nativeEvents: true, networkConnectionEnabled: false, pageLoadStrategy: normal, platform: XP, platformName: XP, rotatable: false, setWindowRect: true, takesHeapSnapshot: true, takesScreenshot: true, unexpectedAlertBehaviour: , unhandledPromptBehavior: , version: 74.0.3729.169, webStorageEnabled: true}
Session ID: 33b74c3cb43086665d4f7509b1963573
*** Element info: {Using=xpath, value=//*[text()='Create a Page']}
at sun.reflect.NativeConstructorAccessorImpl.newInstance0(Native Method)
at sun.reflect.NativeConstructorAccessorImpl.newInstance(NativeConstructorAccessorImpl.java:62)
at sun.reflect.DelegatingConstructorAccessorImpl.newInstance(DelegatingConstructorAccessorImpl.java:45)
at java.lang.reflect.Constructor.newInstance(Constructor.java:423)
at org.openqa.selenium.remote.ErrorHandler.createThrowable(ErrorHandler.java:214)
at org.openqa.selenium.remote.ErrorHandler.throwIfResponseFailed(ErrorHandler.java:166)
at org.openqa.selenium.remote.http.JsonHttpResponseCodec.reconstructValue(JsonHttpResponseCodec.java:40)
at org.openqa.selenium.remote.http.AbstractHttpResponseCodec.decode(AbstractHttpResponseCodec.java:80)
at org.openqa.selenium.remote.http.AbstractHttpResponseCodec.decode(AbstractHttpResponseCodec.java:44)
at org.openqa.selenium.remote.HttpCommandExecutor.execute(HttpCommandExecutor.java:164)
at org.openqa.selenium.remote.service.DriverCommandExecutor.execute(DriverCommandExecutor.java:83)
at org.openqa.selenium.remote.RemoteWebDriver.execute(RemoteWebDriver.java:601)
at org.openqa.selenium.remote.RemoteWebDriver.findElement(RemoteWebDriver.java:371)
at org.openqa.selenium.remote.RemoteWebDriver.findElementByXPath(RemoteWebDriver.java:473)
at org.openqa.selenium.By$ByXPath.findElement(By.java:361)
at org.openqa.selenium.remote.RemoteWebDriver.findElement(RemoteWebDriver.java:363)
at com.interview.com.facebook.LoginPage.createApage(LoginPage.java:68)
at com.interview.com.facebook.LoginTest.loginTest(LoginTest.java:33)
at sun.reflect.NativeMethodAccessorImpl.invoke0(Native Method)
at sun.reflect.NativeMethodAccessorImpl.invoke(NativeMethodAccessorImpl.java:62)
at sun.reflect.DelegatingMethodAccessorImpl.invoke(DelegatingMethodAccessorImpl.java:43)
at java.lang.reflect.Method.invoke(Method.java:498)
at org.testng.internal.MethodInvocationHelper.invokeMethod(MethodInvocationHelper.java:124)
at org.testng.internal.Invoker.invokeMethod(Invoker.java:580)
at org.testng.internal.Invoker.invokeTestMethod(Invoker.java:716)
at org.testng.internal.Invoker.invokeTestMethods(Invoker.java:988)
at org.testng.internal.TestMethodWorker.invokeTestMethods(TestMethodWorker.java:125)
at org.testng.internal.TestMethodWorker.run(TestMethodWorker.java:109)
at org.testng.TestRunner.privateRun(TestRunner.java:648)
at org.testng.TestRunner.run(TestRunner.java:505)
at org.testng.SuiteRunner.runTest(SuiteRunner.java:455)
at org.testng.SuiteRunner.runSequentially(SuiteRunner.java:450)
at org.testng.SuiteRunner.privateRun(SuiteRunner.java:415)
at org.testng.SuiteRunner.run(SuiteRunner.java:364)
at org.testng.SuiteRunnerWorker.runSuite(SuiteRunnerWorker.java:52)
at org.testng.SuiteRunnerWorker.run(SuiteRunnerWorker.java:84)
at org.testng.TestNG.runSuitesSequentially(TestNG.java:1208)
at org.testng.TestNG.runSuitesLocally(TestNG.java:1137)
at org.testng.TestNG.runSuites(TestNG.java:1049)
at org.testng.TestNG.run(TestNG.java:1017)
at org.apache.maven.surefire.testng.TestNGExecutor.run(TestNGExecutor.java:283)
at org.apache.maven.surefire.testng.TestNGXmlTestSuite.execute(TestNGXmlTestSuite.java:75)
at org.apache.maven.surefire.testng.TestNGProvider.invoke(TestNGProvider.java:120)
at org.apache.maven.surefire.booter.ForkedBooter.invokeProviderInSameClassLoader(ForkedBooter.java:383)
at org.apache.maven.surefire.booter.ForkedBooter.runSuitesInProcess(ForkedBooter.java:344)
at org.apache.maven.surefire.booter.ForkedBooter.execute(ForkedBooter.java:125)
at org.apache.maven.surefire.booter.ForkedBooter.main(ForkedBooter.java:417)
]]>
            </full-stacktrace>
          </exception> <!-- org.openqa.selenium.NoSuchElementException -->
          <reporter-output>
          </reporter-output>
        </test-method> <!-- loginTest -->
        <test-method status="PASS" signature="finishTest()[pri:0, instance:com.interview.com.facebook.LoginTest@327514f]" name="finishTest" is-config="true" duration-ms="837" started-at="2019-05-23T20:30:40Z" finished-at="2019-05-23T20:30:41Z">
          <reporter-output>
          </reporter-output>
        </test-method> <!-- finishTest -->
      </class> <!-- com.interview.com.facebook.LoginTest -->
    </test> <!-- LoginTest -->
    <test name="NameTest" duration-ms="7485" started-at="2019-05-23T20:30:41Z" finished-at="2019-05-23T20:30:48Z">
      <class name="registrationTest.FirstAndLastNameTest">
        <test-method status="PASS" signature="openBrowser()[pri:0, instance:registrationTest.FirstAndLastNameTest@6f03482]" name="openBrowser" is-config="true" duration-ms="6308" started-at="2019-05-23T20:30:41Z" finished-at="2019-05-23T20:30:47Z">
          <reporter-output>
          </reporter-output>
        </test-method> <!-- openBrowser -->
        <test-method status="PASS" signature="FirstNameTest()[pri:0, instance:registrationTest.FirstAndLastNameTest@6f03482]" name="FirstNameTest" duration-ms="358" started-at="2019-05-23T20:30:47Z" finished-at="2019-05-23T20:30:47Z">
          <reporter-output>
          </reporter-output>
        </test-method> <!-- FirstNameTest -->
        <test-method status="PASS" signature="finishTest()[pri:0, instance:registrationTest.FirstAndLastNameTest@6f03482]" name="finishTest" is-config="true" duration-ms="819" started-at="2019-05-23T20:30:47Z" finished-at="2019-05-23T20:30:48Z">
          <reporter-output>
          </reporter-output>
        </test-method> <!-- finishTest -->
      </class> <!-- registrationTest.FirstAndLastNameTest -->
    </test> <!-- NameTest -->
    <test name="Mobile Number Test" duration-ms="8064" started-at="2019-05-23T20:30:48Z" finished-at="2019-05-23T20:30:56Z">
      <class name="registrationTest.MobileNumberTest">
        <test-method status="PASS" signature="openBrowser()[pri:0, instance:registrationTest.MobileNumberTest@4116aac9]" name="openBrowser" is-config="true" duration-ms="6435" started-at="2019-05-23T20:30:48Z" finished-at="2019-05-23T20:30:55Z">
          <reporter-output>
          </reporter-output>
        </test-method> <!-- openBrowser -->
        <test-method status="PASS" signature="mobilenumberTest()[pri:0, instance:registrationTest.MobileNumberTest@4116aac9]" name="mobilenumberTest" duration-ms="794" started-at="2019-05-23T20:30:55Z" finished-at="2019-05-23T20:30:56Z">
          <reporter-output>
          </reporter-output>
        </test-method> <!-- mobilenumberTest -->
        <test-method status="PASS" signature="finishTest()[pri:0, instance:registrationTest.MobileNumberTest@4116aac9]" name="finishTest" is-config="true" duration-ms="834" started-at="2019-05-23T20:30:56Z" finished-at="2019-05-23T20:30:56Z">
          <reporter-output>
          </reporter-output>
        </test-method> <!-- finishTest -->
      </class> <!-- registrationTest.MobileNumberTest -->
    </test> <!-- Mobile Number Test -->
    <test name="Password Test" duration-ms="7128" started-at="2019-05-23T20:30:57Z" finished-at="2019-05-23T20:31:04Z">
      <class name="registrationTest.PasswordTest">
        <test-method status="PASS" signature="openBrowser()[pri:0, instance:registrationTest.PasswordTest@3857f613]" name="openBrowser" is-config="true" duration-ms="6171" started-at="2019-05-23T20:30:57Z" finished-at="2019-05-23T20:31:03Z">
          <reporter-output>
          </reporter-output>
        </test-method> <!-- openBrowser -->
        <test-method status="PASS" signature="passwordTest()[pri:0, instance:registrationTest.PasswordTest@3857f613]" name="passwordTest" duration-ms="178" started-at="2019-05-23T20:31:03Z" finished-at="2019-05-23T20:31:03Z">
          <reporter-output>
          </reporter-output>
        </test-method> <!-- passwordTest -->
        <test-method status="PASS" signature="finishTest()[pri:0, instance:registrationTest.PasswordTest@3857f613]" name="finishTest" is-config="true" duration-ms="777" started-at="2019-05-23T20:31:03Z" finished-at="2019-05-23T20:31:04Z">
          <reporter-output>
          </reporter-output>
        </test-method> <!-- finishTest -->
      </class> <!-- registrationTest.PasswordTest -->
    </test> <!-- Password Test -->
    <test name="BirthdayTest" duration-ms="21101" started-at="2019-05-23T20:31:04Z" finished-at="2019-05-23T20:31:25Z">
      <class name="registrationTest.BirthdayTest">
        <test-method status="PASS" signature="openBrowser()[pri:0, instance:registrationTest.BirthdayTest@4b2bac3f]" name="openBrowser" is-config="true" duration-ms="8378" started-at="2019-05-23T20:31:04Z" finished-at="2019-05-23T20:31:12Z">
          <reporter-output>
          </reporter-output>
        </test-method> <!-- openBrowser -->
        <test-method status="FAIL" signature="birthdayTest()[pri:0, instance:registrationTest.BirthdayTest@4b2bac3f]" name="birthdayTest" duration-ms="11643" started-at="2019-05-23T20:31:12Z" finished-at="2019-05-23T20:31:24Z">
          <exception class="org.openqa.selenium.NoSuchElementException">
            <message>
              <![CDATA[Cannot locate option with value: asdf
For documentation on this error, please visit: http://seleniumhq.org/exceptions/no_such_element.html
Build info: version: '3.8.0', revision: '924c4067df', time: '2017-11-30T11:20:39.408Z'
System info: host: 'DESKTOP-INQUNRP', ip: '10.8.0.22', os.name: 'Windows 10', os.arch: 'amd64', os.version: '10.0', java.version: '1.8.0_171'
Driver info: driver.version: unknown]]>
            </message>
            <full-stacktrace>
              <![CDATA[org.openqa.selenium.NoSuchElementException: Cannot locate option with value: asdf
For documentation on this error, please visit: http://seleniumhq.org/exceptions/no_such_element.html
Build info: version: '3.8.0', revision: '924c4067df', time: '2017-11-30T11:20:39.408Z'
System info: host: 'DESKTOP-INQUNRP', ip: '10.8.0.22', os.name: 'Windows 10', os.arch: 'amd64', os.version: '10.0', java.version: '1.8.0_171'
Driver info: driver.version: unknown
at org.openqa.selenium.support.ui.Select.selectByValue(Select.java:209)
at regestration.SignUp.birthyear(SignUp.java:56)
at registrationTest.BirthdayTest.birthdayTest(BirthdayTest.java:25)
at sun.reflect.NativeMethodAccessorImpl.invoke0(Native Method)
at sun.reflect.NativeMethodAccessorImpl.invoke(NativeMethodAccessorImpl.java:62)
at sun.reflect.DelegatingMethodAccessorImpl.invoke(DelegatingMethodAccessorImpl.java:43)
at java.lang.reflect.Method.invoke(Method.java:498)
at org.testng.internal.MethodInvocationHelper.invokeMethod(MethodInvocationHelper.java:124)
at org.testng.internal.Invoker.invokeMethod(Invoker.java:580)
at org.testng.internal.Invoker.invokeTestMethod(Invoker.java:716)
at org.testng.internal.Invoker.invokeTestMethods(Invoker.java:988)
at org.testng.internal.TestMethodWorker.invokeTestMethods(TestMethodWorker.java:125)
at org.testng.internal.TestMethodWorker.run(TestMethodWorker.java:109)
at org.testng.TestRunner.privateRun(TestRunner.java:648)
at org.testng.TestRunner.run(TestRunner.java:505)
at org.testng.SuiteRunner.runTest(SuiteRunner.java:455)
at org.testng.SuiteRunner.runSequentially(SuiteRunner.java:450)
at org.testng.SuiteRunner.privateRun(SuiteRunner.java:415)
at org.testng.SuiteRunner.run(SuiteRunner.java:364)
at org.testng.SuiteRunnerWorker.runSuite(SuiteRunnerWorker.java:52)
at org.testng.SuiteRunnerWorker.run(SuiteRunnerWorker.java:84)
at org.testng.TestNG.runSuitesSequentially(TestNG.java:1208)
at org.testng.TestNG.runSuitesLocally(TestNG.java:1137)
at org.testng.TestNG.runSuites(TestNG.java:1049)
at org.testng.TestNG.run(TestNG.java:1017)
at org.apache.maven.surefire.testng.TestNGExecutor.run(TestNGExecutor.java:283)
at org.apache.maven.surefire.testng.TestNGXmlTestSuite.execute(TestNGXmlTestSuite.java:75)
at org.apache.maven.surefire.testng.TestNGProvider.invoke(TestNGProvider.java:120)
at org.apache.maven.surefire.booter.ForkedBooter.invokeProviderInSameClassLoader(ForkedBooter.java:383)
at org.apache.maven.surefire.booter.ForkedBooter.runSuitesInProcess(ForkedBooter.java:344)
at org.apache.maven.surefire.booter.ForkedBooter.execute(ForkedBooter.java:125)
at org.apache.maven.surefire.booter.ForkedBooter.main(ForkedBooter.java:417)
]]>
            </full-stacktrace>
          </exception> <!-- org.openqa.selenium.NoSuchElementException -->
          <reporter-output>
          </reporter-output>
        </test-method> <!-- birthdayTest -->
        <test-method status="PASS" signature="finishTest()[pri:0, instance:registrationTest.BirthdayTest@4b2bac3f]" name="finishTest" is-config="true" duration-ms="768" started-at="2019-05-23T20:31:24Z" finished-at="2019-05-23T20:31:25Z">
          <reporter-output>
          </reporter-output>
        </test-method> <!-- finishTest -->
      </class> <!-- registrationTest.BirthdayTest -->
    </test> <!-- BirthdayTest -->
    <test name="Male and Female Test" duration-ms="13163" started-at="2019-05-23T20:31:26Z" finished-at="2019-05-23T20:31:40Z">
      <class name="registrationTest.MaleOrFemale">
        <test-method status="PASS" signature="openBrowser()[pri:0, instance:registrationTest.MaleOrFemale@2cd76f31]" name="openBrowser" is-config="true" duration-ms="12076" started-at="2019-05-23T20:31:26Z" finished-at="2019-05-23T20:31:38Z">
          <reporter-output>
          </reporter-output>
        </test-method> <!-- openBrowser -->
        <test-method status="PASS" signature="birthdayTest()[pri:0, instance:registrationTest.MaleOrFemale@2cd76f31]" name="birthdayTest" duration-ms="260" started-at="2019-05-23T20:31:38Z" finished-at="2019-05-23T20:31:39Z">
          <reporter-output>
          </reporter-output>
        </test-method> <!-- birthdayTest -->
        <test-method status="PASS" signature="finishTest()[pri:0, instance:registrationTest.MaleOrFemale@2cd76f31]" name="finishTest" is-config="true" duration-ms="826" started-at="2019-05-23T20:31:39Z" finished-at="2019-05-23T20:31:40Z">
          <reporter-output>
          </reporter-output>
        </test-method> <!-- finishTest -->
      </class> <!-- registrationTest.MaleOrFemale -->
    </test> <!-- Male and Female Test -->
    <test name="Submit Test" duration-ms="8728" started-at="2019-05-23T20:31:40Z" finished-at="2019-05-23T20:31:48Z">
      <class name="registrationTest.SubmitTest">
        <test-method status="PASS" signature="openBrowser()[pri:0, instance:registrationTest.SubmitTest@1ce24091]" name="openBrowser" is-config="true" duration-ms="7056" started-at="2019-05-23T20:31:40Z" finished-at="2019-05-23T20:31:47Z">
          <reporter-output>
          </reporter-output>
        </test-method> <!-- openBrowser -->
        <test-method status="PASS" signature="submitTest()[pri:0, instance:registrationTest.SubmitTest@1ce24091]" name="submitTest" duration-ms="889" started-at="2019-05-23T20:31:47Z" finished-at="2019-05-23T20:31:47Z">
          <reporter-output>
          </reporter-output>
        </test-method> <!-- submitTest -->
        <test-method status="PASS" signature="finishTest()[pri:0, instance:registrationTest.SubmitTest@1ce24091]" name="finishTest" is-config="true" duration-ms="783" started-at="2019-05-23T20:31:47Z" finished-at="2019-05-23T20:31:48Z">
          <reporter-output>
          </reporter-output>
        </test-method> <!-- finishTest -->
      </class> <!-- registrationTest.SubmitTest -->
    </test> <!-- Submit Test -->
  </suite> <!-- Signup -->
</testng-results>
