<?xml version="1.0" encoding="UTF-8"?>
<!-- Generated by org.testng.reporters.JUnitXMLReporter -->
<testsuite hostname="DESKTOP-INQUNRP" ignored="0" name="BirthdayTest" tests="1" failures="1" timestamp="22 May 2019 22:03:03 GMT" time="21.385" errors="0">
  <testcase name="birthdayTest" time="11.245" classname="registrationTest.BirthdayTest">
    <failure type="org.openqa.selenium.NoSuchElementException" message="Cannot locate option with value: asdf
For documentation on this error, please visit: http://seleniumhq.org/exceptions/no_such_element.html
Build info: version: &amp;apos;3.8.0&amp;apos;, revision: &amp;apos;924c4067df&amp;apos;, time: &amp;apos;2017-11-30T11:20:39.408Z&amp;apos;
System info: host: &amp;apos;DESKTOP-INQUNRP&amp;apos;, ip: &amp;apos;192.168.181.1&amp;apos;, os.name: &amp;apos;Windows 10&amp;apos;, os.arch: &amp;apos;amd64&amp;apos;, os.version: &amp;apos;10.0&amp;apos;, java.version: &amp;apos;1.8.0_171&amp;apos;
Driver info: driver.version: unknown">
      <![CDATA[org.openqa.selenium.NoSuchElementException: Cannot locate option with value: asdf
For documentation on this error, please visit: http://seleniumhq.org/exceptions/no_such_element.html
Build info: version: '3.8.0', revision: '924c4067df', time: '2017-11-30T11:20:39.408Z'
System info: host: 'DESKTOP-INQUNRP', ip: '192.168.181.1', os.name: 'Windows 10', os.arch: 'amd64', os.version: '10.0', java.version: '1.8.0_171'
Driver info: driver.version: unknown
at org.openqa.selenium.support.ui.Select.selectByValue(Select.java:209)
at regestration.SignUp.birthyear(SignUp.java:56)
at registrationTest.BirthdayTest.birthdayTest(BirthdayTest.java:25)
... Removed 25 stack frames]]>
    </failure>
  </testcase> <!-- birthdayTest -->
</testsuite> <!-- BirthdayTest -->
